  show_result.cpp
  result_from_file.cpp
  restart.cpp
  Process.cpp
  Portfolio.cpp
c:\projects\fe\visual studio 2017\2017_finalproject\project_v0.1\project_v0.1\portfolio.cpp(13): warning C4244: 'initializing': conversion from 'double' to 'unsigned long', possible loss of data
c:\projects\fe\visual studio 2017\2017_finalproject\project_v0.1\project_v0.1\portfolio.cpp(27): warning C4244: 'initializing': conversion from 'double' to 'unsigned int', possible loss of data
c:\projects\fe\visual studio 2017\2017_finalproject\project_v0.1\project_v0.1\portfolio.cpp(42): warning C4244: 'argument': conversion from 'double' to 'const unsigned int', possible loss of data
c:\projects\fe\visual studio 2017\2017_finalproject\project_v0.1\project_v0.1\portfolio.cpp(58): warning C4244: 'argument': conversion from 'double' to 'const unsigned int', possible loss of data
c:\projects\fe\visual studio 2017\2017_finalproject\project_v0.1\project_v0.1\portfolio.cpp(79): warning C4244: 'argument': conversion from 'double' to 'const unsigned int', possible loss of data
c:\projects\fe\visual studio 2017\2017_finalproject\project_v0.1\project_v0.1\portfolio.cpp(107): warning C4244: 'argument': conversion from 'double' to 'const unsigned int', possible loss of data
c:\projects\fe\visual studio 2017\2017_finalproject\project_v0.1\project_v0.1\portfolio.cpp(134): warning C4244: 'argument': conversion from 'double' to 'const unsigned int', possible loss of data
c:\projects\fe\visual studio 2017\2017_finalproject\project_v0.1\project_v0.1\portfolio.cpp(213): warning C4244: 'argument': conversion from 'double' to 'const unsigned int', possible loss of data
c:\projects\fe\visual studio 2017\2017_finalproject\project_v0.1\project_v0.1\portfolio.cpp(14): warning C4101: 'thePayOff': unreferenced local variable
  PayOff.cpp
  NewProcessMc.cpp
c:\projects\fe\visual studio 2017\2017_finalproject\project_v0.1\project_v0.1\newprocessmc.cpp(210): warning C4244: 'argument': conversion from 'double' to 'const unsigned int', possible loss of data
c:\projects\fe\visual studio 2017\2017_finalproject\project_v0.1\project_v0.1\newprocessmc.cpp(214): warning C4244: 'argument': conversion from 'double' to 'const unsigned int', possible loss of data
c:\projects\fe\visual studio 2017\2017_finalproject\project_v0.1\project_v0.1\newprocessmc.cpp(225): warning C4244: 'argument': conversion from 'double' to 'const unsigned int', possible loss of data
c:\projects\fe\visual studio 2017\2017_finalproject\project_v0.1\project_v0.1\newprocessmc.cpp(227): warning C4244: 'argument': conversion from 'double' to 'const unsigned int', possible loss of data
c:\projects\fe\visual studio 2017\2017_finalproject\project_v0.1\project_v0.1\newprocessmc.cpp(211): warning C4101: 'variance': unreferenced local variable
c:\projects\fe\visual studio 2017\2017_finalproject\project_v0.1\project_v0.1\newprocessmc.cpp(213): warning C4101: 'itoCorrection': unreferenced local variable
  main.cpp
  input_valid_from_file.cpp
c:\projects\fe\visual studio 2017\2017_finalproject\project_v0.1\project_v0.1\input_valid_from_file.cpp(11): warning C4996: 'sprintf': This function or variable may be unsafe. Consider using sprintf_s instead. To disable deprecation, use _CRT_SECURE_NO_WARNINGS. See online help for details.
  c:\program files (x86)\windows kits\10\include\10.0.15063.0\ucrt\stdio.h(1772): note: see declaration of 'sprintf'
c:\projects\fe\visual studio 2017\2017_finalproject\project_v0.1\project_v0.1\input_valid_from_file.cpp(18): warning C4996: 'sscanf': This function or variable may be unsafe. Consider using sscanf_s instead. To disable deprecation, use _CRT_SECURE_NO_WARNINGS. See online help for details.
  c:\program files (x86)\windows kits\10\include\10.0.15063.0\ucrt\stdio.h(2260): note: see declaration of 'sscanf'
c:\projects\fe\visual studio 2017\2017_finalproject\project_v0.1\project_v0.1\input_valid_from_file.cpp(43): warning C4996: 'sscanf': This function or variable may be unsafe. Consider using sscanf_s instead. To disable deprecation, use _CRT_SECURE_NO_WARNINGS. See online help for details.
  c:\program files (x86)\windows kits\10\include\10.0.15063.0\ucrt\stdio.h(2260): note: see declaration of 'sscanf'
c:\projects\fe\visual studio 2017\2017_finalproject\project_v0.1\project_v0.1\input_valid_from_file.cpp(60): warning C4996: 'sscanf': This function or variable may be unsafe. Consider using sscanf_s instead. To disable deprecation, use _CRT_SECURE_NO_WARNINGS. See online help for details.
  c:\program files (x86)\windows kits\10\include\10.0.15063.0\ucrt\stdio.h(2260): note: see declaration of 'sscanf'
c:\projects\fe\visual studio 2017\2017_finalproject\project_v0.1\project_v0.1\input_valid_from_file.cpp(94): warning C4996: 'sscanf': This function or variable may be unsafe. Consider using sscanf_s instead. To disable deprecation, use _CRT_SECURE_NO_WARNINGS. See online help for details.
  c:\program files (x86)\windows kits\10\include\10.0.15063.0\ucrt\stdio.h(2260): note: see declaration of 'sscanf'
  input_int_valid.cpp
c:\projects\fe\visual studio 2017\2017_finalproject\project_v0.1\project_v0.1\input_int_valid.cpp(47): warning C4244: 'return': conversion from 'double' to 'int', possible loss of data
c:\projects\fe\visual studio 2017\2017_finalproject\project_v0.1\project_v0.1\input_int_valid.cpp(17): warning C4996: 'sscanf': This function or variable may be unsafe. Consider using sscanf_s instead. To disable deprecation, use _CRT_SECURE_NO_WARNINGS. See online help for details.
  c:\program files (x86)\windows kits\10\include\10.0.15063.0\ucrt\stdio.h(2260): note: see declaration of 'sscanf'
  input_from_file.cpp
c:\projects\fe\visual studio 2017\2017_finalproject\project_v0.1\project_v0.1\input_from_file.cpp(114): warning C4018: '<': signed/unsigned mismatch
c:\projects\fe\visual studio 2017\2017_finalproject\project_v0.1\project_v0.1\input_from_file.cpp(164): warning C4244: '=': conversion from 'double' to 'unsigned long', possible loss of data
c:\projects\fe\visual studio 2017\2017_finalproject\project_v0.1\project_v0.1\input_from_file.cpp(175): warning C4244: 'argument': conversion from 'double' to 'int', possible loss of data
c:\projects\fe\visual studio 2017\2017_finalproject\project_v0.1\project_v0.1\input_from_file.cpp(189): warning C4244: '=': conversion from 'double' to 'unsigned long', possible loss of data
c:\projects\fe\visual studio 2017\2017_finalproject\project_v0.1\project_v0.1\input_from_file.cpp(190): warning C4244: 'argument': conversion from 'double' to 'unsigned int', possible loss of data
  InputOption.cpp
c:\projects\fe\visual studio 2017\2017_finalproject\project_v0.1\project_v0.1\inputoption.cpp(295): warning C4101: 'NumberOfWeight': unreferenced local variable
c:\projects\fe\visual studio 2017\2017_finalproject\project_v0.1\project_v0.1\inputoption.cpp(371): warning C4101: 'NumberOfWeight': unreferenced local variable
  InputCheck.cpp
c:\projects\fe\visual studio 2017\2017_finalproject\project_v0.1\project_v0.1\inputcheck.cpp(18): warning C4473: 'sscanf_s' : not enough arguments passed for format string
  c:\projects\fe\visual studio 2017\2017_finalproject\project_v0.1\project_v0.1\inputcheck.cpp(18): note: placeholders and their parameters expect 3 variadic arguments, but 2 were provided
  c:\projects\fe\visual studio 2017\2017_finalproject\project_v0.1\project_v0.1\inputcheck.cpp(18): note: the missing variadic argument 3 is required by format string '%c'
  c:\projects\fe\visual studio 2017\2017_finalproject\project_v0.1\project_v0.1\inputcheck.cpp(18): note: this argument is used as a buffer size
c:\projects\fe\visual studio 2017\2017_finalproject\project_v0.1\project_v0.1\inputcheck.cpp(109): warning C4244: 'return': conversion from 'double' to 'unsigned long', possible loss of data
c:\projects\fe\visual studio 2017\2017_finalproject\project_v0.1\project_v0.1\inputcheck.cpp(66): warning C4473: 'sscanf_s' : not enough arguments passed for format string
  c:\projects\fe\visual studio 2017\2017_finalproject\project_v0.1\project_v0.1\inputcheck.cpp(66): note: placeholders and their parameters expect 3 variadic arguments, but 2 were provided
  c:\projects\fe\visual studio 2017\2017_finalproject\project_v0.1\project_v0.1\inputcheck.cpp(66): note: the missing variadic argument 3 is required by format string '%c'
  c:\projects\fe\visual studio 2017\2017_finalproject\project_v0.1\project_v0.1\inputcheck.cpp(66): note: this argument is used as a buffer size
c:\projects\fe\visual studio 2017\2017_finalproject\project_v0.1\project_v0.1\inputcheck.cpp(127): warning C4473: 'sscanf_s' : not enough arguments passed for format string
  c:\projects\fe\visual studio 2017\2017_finalproject\project_v0.1\project_v0.1\inputcheck.cpp(127): note: placeholders and their parameters expect 3 variadic arguments, but 2 were provided
  c:\projects\fe\visual studio 2017\2017_finalproject\project_v0.1\project_v0.1\inputcheck.cpp(127): note: the missing variadic argument 3 is required by format string '%c'
  c:\projects\fe\visual studio 2017\2017_finalproject\project_v0.1\project_v0.1\inputcheck.cpp(127): note: this argument is used as a buffer size
c:\projects\fe\visual studio 2017\2017_finalproject\project_v0.1\project_v0.1\inputcheck.cpp(276): warning C4473: 'sscanf_s' : not enough arguments passed for format string
  c:\projects\fe\visual studio 2017\2017_finalproject\project_v0.1\project_v0.1\inputcheck.cpp(276): note: placeholders and their parameters expect 3 variadic arguments, but 2 were provided
  c:\projects\fe\visual studio 2017\2017_finalproject\project_v0.1\project_v0.1\inputcheck.cpp(276): note: the missing variadic argument 3 is required by format string '%c'
  c:\projects\fe\visual studio 2017\2017_finalproject\project_v0.1\project_v0.1\inputcheck.cpp(276): note: this argument is used as a buffer size
  Function.cpp
  BoxMuller.cpp
  Generating Code...
c:\projects\fe\visual studio 2017\2017_finalproject\project_v0.1\project_v0.1\inputcheck.cpp(203): warning C4715: 'SelectMode': not all control paths return a value
c:\projects\fe\visual studio 2017\2017_finalproject\project_v0.1\project_v0.1\inputcheck.cpp(261): warning C4715: 'SelectProcess': not all control paths return a value
c:\projects\fe\visual studio 2017\2017_finalproject\project_v0.1\project_v0.1\inputcheck.cpp(232): warning C4715: 'SelectOption': not all control paths return a value
  Project_v0.1.vcxproj -> C:\Projects\FE\Visual Studio 2017\2017_FinalProject\Project_v0.1\Debug\Project_v0.1.exe
  Project_v0.1.vcxproj -> C:\Projects\FE\Visual Studio 2017\2017_FinalProject\Project_v0.1\Debug\Project_v0.1.pdb (Partial PDB)
